2024-05-19 10:28:15,980 INFO org.springframework.scheduling.concurrent.ExecutorConfigurationSupport [Thread-3] Shutting down ExecutorService 'applicationTaskExecutor'
2024-05-19 10:28:15,983 INFO org.springframework.orm.jpa.AbstractEntityManagerFactoryBean [Thread-3] Closing JPA EntityManagerFactory for persistence unit 'default'
2024-05-19 10:28:15,984 INFO com.zaxxer.hikari.HikariDataSource [Thread-3] HikariPool-1 - Shutdown initiated...
2024-05-19 10:28:15,986 INFO com.zaxxer.hikari.HikariDataSource [Thread-3] HikariPool-1 - Shutdown completed.
2024-05-19 10:28:18,702 INFO org.springframework.boot.StartupInfoLogger [main] Starting SareetaApplication on DESKTOP-OHI5HEE with PID 15768 (D:\Java\JavaWebDeveloper\Project\Project04\target\classes started by DELL in D:\Java\JavaWebDeveloper\Project\Project04)
2024-05-19 10:28:18,705 INFO org.springframework.boot.SpringApplication [main] No active profile set, falling back to default profiles: default
2024-05-19 10:28:19,149 INFO org.springframework.data.repository.config.RepositoryConfigurationDelegate [main] Bootstrapping Spring Data repositories in DEFAULT mode.
2024-05-19 10:28:19,206 INFO org.springframework.data.repository.config.RepositoryConfigurationDelegate [main] Finished Spring Data repository scanning in 50ms. Found 4 repository interfaces.
2024-05-19 10:28:19,547 INFO org.springframework.context.support.PostProcessorRegistrationDelegate$BeanPostProcessorChecker [main] Bean 'org.springframework.transaction.annotation.ProxyTransactionManagementConfiguration' of type [org.springframework.transaction.annotation.ProxyTransactionManagementConfiguration$$EnhancerBySpringCGLIB$$e4626582] is not eligible for getting processed by all BeanPostProcessors (for example: not eligible for auto-proxying)
2024-05-19 10:28:19,706 INFO org.springframework.boot.web.embedded.tomcat.TomcatWebServer [main] Tomcat initialized with port(s): 9000 (http)
2024-05-19 10:28:19,716 INFO org.apache.juli.logging.DirectJDKLog [main] Initializing ProtocolHandler ["http-nio-9000"]
2024-05-19 10:28:19,722 INFO org.apache.juli.logging.DirectJDKLog [main] Starting service [Tomcat]
2024-05-19 10:28:19,723 INFO org.apache.juli.logging.DirectJDKLog [main] Starting Servlet engine: [Apache Tomcat/9.0.19]
2024-05-19 10:28:19,808 INFO org.apache.juli.logging.DirectJDKLog [main] Initializing Spring embedded WebApplicationContext
2024-05-19 10:28:19,808 INFO org.springframework.boot.web.servlet.context.ServletWebServerApplicationContext [main] Root WebApplicationContext: initialization completed in 1064 ms
2024-05-19 10:28:19,923 INFO com.zaxxer.hikari.HikariDataSource [main] HikariPool-1 - Starting...
2024-05-19 10:28:20,016 INFO com.zaxxer.hikari.HikariDataSource [main] HikariPool-1 - Start completed.
2024-05-19 10:28:20,052 INFO org.hibernate.jpa.internal.util.LogHelper [main] HHH000204: Processing PersistenceUnitInfo [
	name: default
	...]
2024-05-19 10:28:20,100 INFO org.hibernate.Version [main] HHH000412: Hibernate Core {5.3.10.Final}
2024-05-19 10:28:20,102 INFO org.hibernate.cfg.Environment [main] HHH000206: hibernate.properties not found
2024-05-19 10:28:20,175 INFO org.hibernate.annotations.common.reflection.java.JavaReflectionManager [main] HCANN000001: Hibernate Commons Annotations {5.0.4.Final}
2024-05-19 10:28:20,257 INFO org.hibernate.dialect.Dialect [main] HHH000400: Using dialect: org.hibernate.dialect.H2Dialect
2024-05-19 10:28:20,731 INFO org.springframework.orm.jpa.AbstractEntityManagerFactoryBean [main] Initialized JPA EntityManagerFactory for persistence unit 'default'
2024-05-19 10:28:21,127 WARN org.springframework.boot.autoconfigure.orm.jpa.JpaBaseConfiguration$JpaWebConfiguration$JpaWebMvcConfiguration [main] spring.jpa.open-in-view is enabled by default. Therefore, database queries may be performed during view rendering. Explicitly configure spring.jpa.open-in-view to disable this warning
2024-05-19 10:28:21,172 INFO org.springframework.security.web.DefaultSecurityFilterChain [main] Creating filter chain: any request, [org.springframework.security.web.context.request.async.WebAsyncManagerIntegrationFilter@1756a471, org.springframework.security.web.context.SecurityContextPersistenceFilter@4d93e5bf, org.springframework.security.web.header.HeaderWriterFilter@1e18876d, org.springframework.web.filter.CorsFilter@2190508d, org.springframework.security.web.authentication.logout.LogoutFilter@2f9236d8, com.example.demo.security.JWTAuthenticationFilter@70b630d, com.example.demo.security.JWTAuthenticationVerficationFilter@72e1e587, org.springframework.security.web.savedrequest.RequestCacheAwareFilter@68303c3e, org.springframework.security.web.servletapi.SecurityContextHolderAwareRequestFilter@2213854b, org.springframework.security.web.authentication.AnonymousAuthenticationFilter@5036a286, org.springframework.security.web.session.SessionManagementFilter@5c4516ec, org.springframework.security.web.access.ExceptionTranslationFilter@35efd12c, org.springframework.security.web.access.intercept.FilterSecurityInterceptor@55821edf]
2024-05-19 10:28:21,249 INFO org.springframework.scheduling.concurrent.ExecutorConfigurationSupport [main] Initializing ExecutorService 'applicationTaskExecutor'
2024-05-19 10:28:21,384 INFO org.apache.juli.logging.DirectJDKLog [main] Starting ProtocolHandler ["http-nio-9000"]
2024-05-19 10:28:21,432 INFO org.springframework.boot.web.embedded.tomcat.TomcatWebServer [main] Tomcat started on port(s): 9000 (http) with context path ''
2024-05-19 10:28:21,433 INFO org.springframework.boot.StartupInfoLogger [main] Started SareetaApplication in 3.03 seconds (JVM running for 3.887)
2024-05-19 10:28:28,684 INFO org.springframework.scheduling.concurrent.ExecutorConfigurationSupport [Thread-3] Shutting down ExecutorService 'applicationTaskExecutor'
2024-05-19 10:28:28,686 INFO org.springframework.orm.jpa.AbstractEntityManagerFactoryBean [Thread-3] Closing JPA EntityManagerFactory for persistence unit 'default'
2024-05-19 10:28:28,688 INFO com.zaxxer.hikari.HikariDataSource [Thread-3] HikariPool-1 - Shutdown initiated...
2024-05-19 10:28:28,689 INFO com.zaxxer.hikari.HikariDataSource [Thread-3] HikariPool-1 - Shutdown completed.
2024-05-19 10:28:40,019 INFO org.springframework.boot.StartupInfoLogger [main] Starting SareetaApplication on DESKTOP-OHI5HEE with PID 11592 (D:\Java\JavaWebDeveloper\Project\Project04\target\classes started by DELL in D:\Java\JavaWebDeveloper\Project\Project04)
2024-05-19 10:28:40,021 INFO org.springframework.boot.SpringApplication [main] No active profile set, falling back to default profiles: default
2024-05-19 10:28:40,424 INFO org.springframework.data.repository.config.RepositoryConfigurationDelegate [main] Bootstrapping Spring Data repositories in DEFAULT mode.
2024-05-19 10:28:40,461 INFO org.springframework.data.repository.config.RepositoryConfigurationDelegate [main] Finished Spring Data repository scanning in 32ms. Found 4 repository interfaces.
2024-05-19 10:28:40,789 INFO org.springframework.context.support.PostProcessorRegistrationDelegate$BeanPostProcessorChecker [main] Bean 'org.springframework.transaction.annotation.ProxyTransactionManagementConfiguration' of type [org.springframework.transaction.annotation.ProxyTransactionManagementConfiguration$$EnhancerBySpringCGLIB$$efaecfe4] is not eligible for getting processed by all BeanPostProcessors (for example: not eligible for auto-proxying)
2024-05-19 10:28:40,971 INFO org.springframework.boot.web.embedded.tomcat.TomcatWebServer [main] Tomcat initialized with port(s): 9000 (http)
2024-05-19 10:28:40,981 INFO org.apache.juli.logging.DirectJDKLog [main] Initializing ProtocolHandler ["http-nio-9000"]
2024-05-19 10:28:40,988 INFO org.apache.juli.logging.DirectJDKLog [main] Starting service [Tomcat]
2024-05-19 10:28:40,988 INFO org.apache.juli.logging.DirectJDKLog [main] Starting Servlet engine: [Apache Tomcat/9.0.19]
2024-05-19 10:28:41,080 INFO org.apache.juli.logging.DirectJDKLog [main] Initializing Spring embedded WebApplicationContext
2024-05-19 10:28:41,081 INFO org.springframework.boot.web.servlet.context.ServletWebServerApplicationContext [main] Root WebApplicationContext: initialization completed in 1008 ms
2024-05-19 10:28:41,215 INFO com.zaxxer.hikari.HikariDataSource [main] HikariPool-1 - Starting...
2024-05-19 10:28:41,312 INFO com.zaxxer.hikari.HikariDataSource [main] HikariPool-1 - Start completed.
2024-05-19 10:28:41,344 INFO org.hibernate.jpa.internal.util.LogHelper [main] HHH000204: Processing PersistenceUnitInfo [
	name: default
	...]
2024-05-19 10:28:41,393 INFO org.hibernate.Version [main] HHH000412: Hibernate Core {5.3.10.Final}
2024-05-19 10:28:41,395 INFO org.hibernate.cfg.Environment [main] HHH000206: hibernate.properties not found
2024-05-19 10:28:41,505 INFO org.hibernate.annotations.common.reflection.java.JavaReflectionManager [main] HCANN000001: Hibernate Commons Annotations {5.0.4.Final}
2024-05-19 10:28:41,595 INFO org.hibernate.dialect.Dialect [main] HHH000400: Using dialect: org.hibernate.dialect.H2Dialect
2024-05-19 10:28:42,109 INFO org.springframework.orm.jpa.AbstractEntityManagerFactoryBean [main] Initialized JPA EntityManagerFactory for persistence unit 'default'
2024-05-19 10:28:42,540 WARN org.springframework.boot.autoconfigure.orm.jpa.JpaBaseConfiguration$JpaWebConfiguration$JpaWebMvcConfiguration [main] spring.jpa.open-in-view is enabled by default. Therefore, database queries may be performed during view rendering. Explicitly configure spring.jpa.open-in-view to disable this warning
2024-05-19 10:28:42,587 INFO org.springframework.security.web.DefaultSecurityFilterChain [main] Creating filter chain: any request, [org.springframework.security.web.context.request.async.WebAsyncManagerIntegrationFilter@6127ef86, org.springframework.security.web.context.SecurityContextPersistenceFilter@4b9dc62f, org.springframework.security.web.header.HeaderWriterFilter@69e8b711, org.springframework.web.filter.CorsFilter@542754be, org.springframework.security.web.authentication.logout.LogoutFilter@848d9bc, com.example.demo.security.JWTAuthenticationFilter@af57949, com.example.demo.security.JWTAuthenticationVerficationFilter@f833223, org.springframework.security.web.savedrequest.RequestCacheAwareFilter@2f9236d8, org.springframework.security.web.servletapi.SecurityContextHolderAwareRequestFilter@2d117280, org.springframework.security.web.authentication.AnonymousAuthenticationFilter@5186b78a, org.springframework.security.web.session.SessionManagementFilter@d99df7a, org.springframework.security.web.access.ExceptionTranslationFilter@58647985, org.springframework.security.web.access.intercept.FilterSecurityInterceptor@4bac0be5]
2024-05-19 10:28:42,657 INFO org.springframework.scheduling.concurrent.ExecutorConfigurationSupport [main] Initializing ExecutorService 'applicationTaskExecutor'
2024-05-19 10:28:42,770 INFO org.apache.juli.logging.DirectJDKLog [main] Starting ProtocolHandler ["http-nio-9000"]
2024-05-19 10:28:42,816 INFO org.springframework.boot.web.embedded.tomcat.TomcatWebServer [main] Tomcat started on port(s): 9000 (http) with context path ''
2024-05-19 10:28:42,817 INFO org.springframework.boot.StartupInfoLogger [main] Started SareetaApplication in 3.028 seconds (JVM running for 3.602)
2024-05-19 10:28:55,336 INFO org.apache.juli.logging.DirectJDKLog [http-nio-9000-exec-2] Initializing Spring DispatcherServlet 'dispatcherServlet'
2024-05-19 10:28:55,336 INFO org.springframework.web.servlet.FrameworkServlet [http-nio-9000-exec-2] Initializing Servlet 'dispatcherServlet'
2024-05-19 10:28:55,343 INFO org.springframework.web.servlet.FrameworkServlet [http-nio-9000-exec-2] Completed initialization in 7 ms
2024-05-19 10:28:55,555 INFO com.example.demo.controllers.UserController [http-nio-9000-exec-2] User created: test2
2024-05-19 10:29:48,025 WARN org.hibernate.engine.jdbc.spi.SqlExceptionHelper [http-nio-9000-exec-4] SQL Error: 23505, SQLState: 23505
2024-05-19 10:29:48,026 ERROR org.hibernate.engine.jdbc.spi.SqlExceptionHelper [http-nio-9000-exec-4] Unique index or primary key violation: "PUBLIC.UK_SB8BBOUER5WAK8VYIIY4PF2BX_INDEX_2 ON PUBLIC.USER(USERNAME) VALUES 1"; SQL statement:
insert into user (id, cart_id, password, username) values (null, ?, ?, ?) [23505-199]
2024-05-19 10:29:48,035 ERROR org.apache.juli.logging.DirectJDKLog [http-nio-9000-exec-4] Servlet.service() for servlet [dispatcherServlet] in context with path [] threw exception [Request processing failed; nested exception is org.springframework.dao.DataIntegrityViolationException: could not execute statement; SQL [n/a]; constraint ["PUBLIC.UK_SB8BBOUER5WAK8VYIIY4PF2BX_INDEX_2 ON PUBLIC.USER(USERNAME) VALUES 1"; SQL statement:
insert into user (id, cart_id, password, username) values (null, ?, ?, ?) [23505-199]]; nested exception is org.hibernate.exception.ConstraintViolationException: could not execute statement] with root cause
org.h2.jdbc.JdbcSQLIntegrityConstraintViolationException: Unique index or primary key violation: "PUBLIC.UK_SB8BBOUER5WAK8VYIIY4PF2BX_INDEX_2 ON PUBLIC.USER(USERNAME) VALUES 1"; SQL statement:
insert into user (id, cart_id, password, username) values (null, ?, ?, ?) [23505-199]
	at org.h2.message.DbException.getJdbcSQLException(DbException.java:457)
	at org.h2.message.DbException.getJdbcSQLException(DbException.java:427)
	at org.h2.message.DbException.get(DbException.java:205)
	at org.h2.message.DbException.get(DbException.java:181)
	at org.h2.index.BaseIndex.getDuplicateKeyException(BaseIndex.java:103)
	at org.h2.mvstore.db.MVSecondaryIndex.checkUnique(MVSecondaryIndex.java:220)
	at org.h2.mvstore.db.MVSecondaryIndex.add(MVSecondaryIndex.java:196)
	at org.h2.mvstore.db.MVTable.addRow(MVTable.java:546)
	at org.h2.command.dml.Insert.insertRows(Insert.java:180)
	at org.h2.command.dml.Insert.update(Insert.java:132)
	at org.h2.command.CommandContainer.update(CommandContainer.java:133)
	at org.h2.command.Command.executeUpdate(Command.java:267)
	at org.h2.jdbc.JdbcPreparedStatement.executeUpdateInternal(JdbcPreparedStatement.java:200)
	at org.h2.jdbc.JdbcPreparedStatement.executeUpdate(JdbcPreparedStatement.java:154)
	at com.zaxxer.hikari.pool.ProxyPreparedStatement.executeUpdate(ProxyPreparedStatement.java:61)
	at com.zaxxer.hikari.pool.HikariProxyPreparedStatement.executeUpdate(HikariProxyPreparedStatement.java)
	at org.hibernate.engine.jdbc.internal.ResultSetReturnImpl.executeUpdate(ResultSetReturnImpl.java:175)
	at org.hibernate.dialect.identity.GetGeneratedKeysDelegate.executeAndExtract(GetGeneratedKeysDelegate.java:57)
	at org.hibernate.id.insert.AbstractReturningDelegate.performInsert(AbstractReturningDelegate.java:42)
	at org.hibernate.persister.entity.AbstractEntityPersister.insert(AbstractEntityPersister.java:3077)
	at org.hibernate.persister.entity.AbstractEntityPersister.insert(AbstractEntityPersister.java:3667)
	at org.hibernate.action.internal.EntityIdentityInsertAction.execute(EntityIdentityInsertAction.java:81)
	at org.hibernate.engine.spi.ActionQueue.execute(ActionQueue.java:645)
	at org.hibernate.engine.spi.ActionQueue.addResolvedEntityInsertAction(ActionQueue.java:282)
	at org.hibernate.engine.spi.ActionQueue.addInsertAction(ActionQueue.java:263)
	at org.hibernate.engine.spi.ActionQueue.addAction(ActionQueue.java:317)
	at org.hibernate.event.internal.AbstractSaveEventListener.addInsertAction(AbstractSaveEventListener.java:332)
	at org.hibernate.event.internal.AbstractSaveEventListener.performSaveOrReplicate(AbstractSaveEventListener.java:289)
	at org.hibernate.event.internal.AbstractSaveEventListener.performSave(AbstractSaveEventListener.java:196)
	at org.hibernate.event.internal.AbstractSaveEventListener.saveWithGeneratedId(AbstractSaveEventListener.java:127)
	at org.hibernate.event.internal.DefaultPersistEventListener.entityIsTransient(DefaultPersistEventListener.java:192)
	at org.hibernate.event.internal.DefaultPersistEventListener.onPersist(DefaultPersistEventListener.java:135)
	at org.hibernate.event.internal.DefaultPersistEventListener.onPersist(DefaultPersistEventListener.java:62)
	at org.hibernate.internal.SessionImpl.firePersist(SessionImpl.java:800)
	at org.hibernate.internal.SessionImpl.persist(SessionImpl.java:785)
	at java.base/jdk.internal.reflect.DirectMethodHandleAccessor.invoke(DirectMethodHandleAccessor.java:104)
	at java.base/java.lang.reflect.Method.invoke(Method.java:578)
	at org.springframework.orm.jpa.ExtendedEntityManagerCreator$ExtendedEntityManagerInvocationHandler.invoke(ExtendedEntityManagerCreator.java:350)
	at jdk.proxy2/jdk.proxy2.$Proxy94.persist(Unknown Source)
	at java.base/jdk.internal.reflect.DirectMethodHandleAccessor.invoke(DirectMethodHandleAccessor.java:104)
	at java.base/java.lang.reflect.Method.invoke(Method.java:578)
	at org.springframework.orm.jpa.SharedEntityManagerCreator$SharedEntityManagerInvocationHandler.invoke(SharedEntityManagerCreator.java:308)
	at jdk.proxy2/jdk.proxy2.$Proxy94.persist(Unknown Source)
	at org.springframework.data.jpa.repository.support.SimpleJpaRepository.save(SimpleJpaRepository.java:496)
	at java.base/jdk.internal.reflect.DirectMethodHandleAccessor.invoke(DirectMethodHandleAccessor.java:104)
	at java.base/java.lang.reflect.Method.invoke(Method.java:578)
	at org.springframework.data.repository.core.support.RepositoryComposition$RepositoryFragments.invoke(RepositoryComposition.java:359)
	at org.springframework.data.repository.core.support.RepositoryComposition.invoke(RepositoryComposition.java:200)
	at org.springframework.data.repository.core.support.RepositoryFactorySupport$ImplementationMethodExecutionInterceptor.invoke(RepositoryFactorySupport.java:644)
	at org.springframework.aop.framework.ReflectiveMethodInvocation.proceed(ReflectiveMethodInvocation.java:186)
	at org.springframework.data.repository.core.support.RepositoryFactorySupport$QueryExecutorMethodInterceptor.doInvoke(RepositoryFactorySupport.java:608)
	at org.springframework.data.repository.core.support.RepositoryFactorySupport$QueryExecutorMethodInterceptor.lambda$invoke$3(RepositoryFactorySupport.java:595)
	at org.springframework.data.repository.core.support.RepositoryFactorySupport$QueryExecutorMethodInterceptor.invoke(RepositoryFactorySupport.java:595)
	at org.springframework.aop.framework.ReflectiveMethodInvocation.proceed(ReflectiveMethodInvocation.java:186)
	at org.springframework.data.projection.DefaultMethodInvokingMethodInterceptor.invoke(DefaultMethodInvokingMethodInterceptor.java:59)
	at org.springframework.aop.framework.ReflectiveMethodInvocation.proceed(ReflectiveMethodInvocation.java:186)
	at org.springframework.transaction.interceptor.TransactionAspectSupport.invokeWithinTransaction(TransactionAspectSupport.java:295)
	at org.springframework.transaction.interceptor.TransactionInterceptor.invoke(TransactionInterceptor.java:98)
	at org.springframework.aop.framework.ReflectiveMethodInvocation.proceed(ReflectiveMethodInvocation.java:186)
	at org.springframework.dao.support.PersistenceExceptionTranslationInterceptor.invoke(PersistenceExceptionTranslationInterceptor.java:139)
	at org.springframework.aop.framework.ReflectiveMethodInvocation.proceed(ReflectiveMethodInvocation.java:186)
	at org.springframework.data.jpa.repository.support.CrudMethodMetadataPostProcessor$CrudMethodMetadataPopulatingMethodInterceptor.invoke(CrudMethodMetadataPostProcessor.java:138)
	at org.springframework.aop.framework.ReflectiveMethodInvocation.proceed(ReflectiveMethodInvocation.java:186)
	at org.springframework.aop.interceptor.ExposeInvocationInterceptor.invoke(ExposeInvocationInterceptor.java:93)
	at org.springframework.aop.framework.ReflectiveMethodInvocation.proceed(ReflectiveMethodInvocation.java:186)
	at org.springframework.data.repository.core.support.SurroundingTransactionDetectorMethodInterceptor.invoke(SurroundingTransactionDetectorMethodInterceptor.java:61)
	at org.springframework.aop.framework.ReflectiveMethodInvocation.proceed(ReflectiveMethodInvocation.java:186)
	at org.springframework.aop.framework.JdkDynamicAopProxy.invoke(JdkDynamicAopProxy.java:212)
	at jdk.proxy2/jdk.proxy2.$Proxy96.save(Unknown Source)
	at com.example.demo.controllers.UserController.createUser(UserController.java:69)
	at java.base/jdk.internal.reflect.DirectMethodHandleAccessor.invoke(DirectMethodHandleAccessor.java:104)
	at java.base/java.lang.reflect.Method.invoke(Method.java:578)
	at org.springframework.web.method.support.InvocableHandlerMethod.doInvoke(InvocableHandlerMethod.java:190)
	at org.springframework.web.method.support.InvocableHandlerMethod.invokeForRequest(InvocableHandlerMethod.java:138)
	at org.springframework.web.servlet.mvc.method.annotation.ServletInvocableHandlerMethod.invokeAndHandle(ServletInvocableHandlerMethod.java:104)
	at org.springframework.web.servlet.mvc.method.annotation.RequestMappingHandlerAdapter.invokeHandlerMethod(RequestMappingHandlerAdapter.java:892)
	at org.springframework.web.servlet.mvc.method.annotation.RequestMappingHandlerAdapter.handleInternal(RequestMappingHandlerAdapter.java:797)
	at org.springframework.web.servlet.mvc.method.AbstractHandlerMethodAdapter.handle(AbstractHandlerMethodAdapter.java:87)
	at org.springframework.web.servlet.DispatcherServlet.doDispatch(DispatcherServlet.java:1039)
	at org.springframework.web.servlet.DispatcherServlet.doService(DispatcherServlet.java:942)
	at org.springframework.web.servlet.FrameworkServlet.processRequest(FrameworkServlet.java:1005)
	at org.springframework.web.servlet.FrameworkServlet.doPost(FrameworkServlet.java:908)
	at javax.servlet.http.HttpServlet.service(HttpServlet.java:660)
	at org.springframework.web.servlet.FrameworkServlet.service(FrameworkServlet.java:882)
	at javax.servlet.http.HttpServlet.service(HttpServlet.java:741)
	at org.apache.catalina.core.ApplicationFilterChain.internalDoFilter(ApplicationFilterChain.java:231)
	at org.apache.catalina.core.ApplicationFilterChain.doFilter(ApplicationFilterChain.java:166)
	at org.apache.tomcat.websocket.server.WsFilter.doFilter(WsFilter.java:53)
	at org.apache.catalina.core.ApplicationFilterChain.internalDoFilter(ApplicationFilterChain.java:193)
	at org.apache.catalina.core.ApplicationFilterChain.doFilter(ApplicationFilterChain.java:166)
	at com.example.demo.security.JWTAuthenticationVerficationFilter.doFilterInternal(JWTAuthenticationVerficationFilter.java:31)
	at org.springframework.web.filter.OncePerRequestFilter.doFilter(OncePerRequestFilter.java:107)
	at org.apache.catalina.core.ApplicationFilterChain.internalDoFilter(ApplicationFilterChain.java:193)
	at org.apache.catalina.core.ApplicationFilterChain.doFilter(ApplicationFilterChain.java:166)
	at org.springframework.security.web.FilterChainProxy$VirtualFilterChain.doFilter(FilterChainProxy.java:320)
	at org.springframework.security.web.access.intercept.FilterSecurityInterceptor.invoke(FilterSecurityInterceptor.java:127)
	at org.springframework.security.web.access.intercept.FilterSecurityInterceptor.doFilter(FilterSecurityInterceptor.java:91)
	at org.springframework.security.web.FilterChainProxy$VirtualFilterChain.doFilter(FilterChainProxy.java:334)
	at org.springframework.security.web.access.ExceptionTranslationFilter.doFilter(ExceptionTranslationFilter.java:119)
	at org.springframework.security.web.FilterChainProxy$VirtualFilterChain.doFilter(FilterChainProxy.java:334)
	at org.springframework.security.web.session.SessionManagementFilter.doFilter(SessionManagementFilter.java:137)
	at org.springframework.security.web.FilterChainProxy$VirtualFilterChain.doFilter(FilterChainProxy.java:334)
	at org.springframework.security.web.authentication.AnonymousAuthenticationFilter.doFilter(AnonymousAuthenticationFilter.java:111)
	at org.springframework.security.web.FilterChainProxy$VirtualFilterChain.doFilter(FilterChainProxy.java:334)
	at org.springframework.security.web.servletapi.SecurityContextHolderAwareRequestFilter.doFilter(SecurityContextHolderAwareRequestFilter.java:170)
	at org.springframework.security.web.FilterChainProxy$VirtualFilterChain.doFilter(FilterChainProxy.java:334)
	at org.springframework.security.web.savedrequest.RequestCacheAwareFilter.doFilter(RequestCacheAwareFilter.java:63)
	at org.springframework.security.web.FilterChainProxy$VirtualFilterChain.doFilter(FilterChainProxy.java:334)
	at com.example.demo.security.JWTAuthenticationVerficationFilter.doFilterInternal(JWTAuthenticationVerficationFilter.java:31)
	at org.springframework.web.filter.OncePerRequestFilter.doFilter(OncePerRequestFilter.java:107)
	at org.springframework.security.web.FilterChainProxy$VirtualFilterChain.doFilter(FilterChainProxy.java:334)
	at org.springframework.security.web.authentication.AbstractAuthenticationProcessingFilter.doFilter(AbstractAuthenticationProcessingFilter.java:200)
	at org.springframework.security.web.FilterChainProxy$VirtualFilterChain.doFilter(FilterChainProxy.java:334)
	at org.springframework.security.web.authentication.logout.LogoutFilter.doFilter(LogoutFilter.java:116)
	at org.springframework.security.web.FilterChainProxy$VirtualFilterChain.doFilter(FilterChainProxy.java:334)
	at org.springframework.web.filter.CorsFilter.doFilterInternal(CorsFilter.java:96)
	at org.springframework.web.filter.OncePerRequestFilter.doFilter(OncePerRequestFilter.java:107)
	at org.springframework.security.web.FilterChainProxy$VirtualFilterChain.doFilter(FilterChainProxy.java:334)
	at org.springframework.security.web.header.HeaderWriterFilter.doFilterInternal(HeaderWriterFilter.java:74)
	at org.springframework.web.filter.OncePerRequestFilter.doFilter(OncePerRequestFilter.java:107)
	at org.springframework.security.web.FilterChainProxy$VirtualFilterChain.doFilter(FilterChainProxy.java:334)
	at org.springframework.security.web.context.SecurityContextPersistenceFilter.doFilter(SecurityContextPersistenceFilter.java:105)
	at org.springframework.security.web.FilterChainProxy$VirtualFilterChain.doFilter(FilterChainProxy.java:334)
	at org.springframework.security.web.context.request.async.WebAsyncManagerIntegrationFilter.doFilterInternal(WebAsyncManagerIntegrationFilter.java:56)
	at org.springframework.web.filter.OncePerRequestFilter.doFilter(OncePerRequestFilter.java:107)
	at org.springframework.security.web.FilterChainProxy$VirtualFilterChain.doFilter(FilterChainProxy.java:334)
	at org.springframework.security.web.FilterChainProxy.doFilterInternal(FilterChainProxy.java:215)
	at org.springframework.security.web.FilterChainProxy.doFilter(FilterChainProxy.java:178)
	at org.springframework.web.filter.DelegatingFilterProxy.invokeDelegate(DelegatingFilterProxy.java:357)
	at org.springframework.web.filter.DelegatingFilterProxy.doFilter(DelegatingFilterProxy.java:270)
	at org.apache.catalina.core.ApplicationFilterChain.internalDoFilter(ApplicationFilterChain.java:193)
	at org.apache.catalina.core.ApplicationFilterChain.doFilter(ApplicationFilterChain.java:166)
	at org.springframework.web.filter.RequestContextFilter.doFilterInternal(RequestContextFilter.java:99)
	at org.springframework.web.filter.OncePerRequestFilter.doFilter(OncePerRequestFilter.java:107)
	at org.apache.catalina.core.ApplicationFilterChain.internalDoFilter(ApplicationFilterChain.java:193)
	at org.apache.catalina.core.ApplicationFilterChain.doFilter(ApplicationFilterChain.java:166)
	at org.springframework.web.filter.FormContentFilter.doFilterInternal(FormContentFilter.java:92)
	at org.springframework.web.filter.OncePerRequestFilter.doFilter(OncePerRequestFilter.java:107)
	at org.apache.catalina.core.ApplicationFilterChain.internalDoFilter(ApplicationFilterChain.java:193)
	at org.apache.catalina.core.ApplicationFilterChain.doFilter(ApplicationFilterChain.java:166)
	at org.springframework.web.filter.HiddenHttpMethodFilter.doFilterInternal(HiddenHttpMethodFilter.java:93)
	at org.springframework.web.filter.OncePerRequestFilter.doFilter(OncePerRequestFilter.java:107)
	at org.apache.catalina.core.ApplicationFilterChain.internalDoFilter(ApplicationFilterChain.java:193)
	at org.apache.catalina.core.ApplicationFilterChain.doFilter(ApplicationFilterChain.java:166)
	at org.springframework.web.filter.CharacterEncodingFilter.doFilterInternal(CharacterEncodingFilter.java:200)
	at org.springframework.web.filter.OncePerRequestFilter.doFilter(OncePerRequestFilter.java:107)
	at org.apache.catalina.core.ApplicationFilterChain.internalDoFilter(ApplicationFilterChain.java:193)
	at org.apache.catalina.core.ApplicationFilterChain.doFilter(ApplicationFilterChain.java:166)
	at org.apache.catalina.core.StandardWrapperValve.invoke(StandardWrapperValve.java:200)
	at org.apache.catalina.core.StandardContextValve.invoke(StandardContextValve.java:96)
	at org.apache.catalina.authenticator.AuthenticatorBase.invoke(AuthenticatorBase.java:490)
	at org.apache.catalina.core.StandardHostValve.invoke(StandardHostValve.java:139)
	at org.apache.catalina.valves.ErrorReportValve.invoke(ErrorReportValve.java:92)
	at org.apache.catalina.core.StandardEngineValve.invoke(StandardEngineValve.java:74)
	at org.apache.catalina.connector.CoyoteAdapter.service(CoyoteAdapter.java:343)
	at org.apache.coyote.http11.Http11Processor.service(Http11Processor.java:408)
	at org.apache.coyote.AbstractProcessorLight.process(AbstractProcessorLight.java:66)
	at org.apache.coyote.AbstractProtocol$ConnectionHandler.process(AbstractProtocol.java:836)
	at org.apache.tomcat.util.net.NioEndpoint$SocketProcessor.doRun(NioEndpoint.java:1747)
	at org.apache.tomcat.util.net.SocketProcessorBase.run(SocketProcessorBase.java:49)
	at java.base/java.util.concurrent.ThreadPoolExecutor.runWorker(ThreadPoolExecutor.java:1144)
	at java.base/java.util.concurrent.ThreadPoolExecutor$Worker.run(ThreadPoolExecutor.java:642)
	at org.apache.tomcat.util.threads.TaskThread$WrappingRunnable.run(TaskThread.java:61)
	at java.base/java.lang.Thread.run(Thread.java:1623)
2024-05-19 10:30:30,381 INFO org.springframework.scheduling.concurrent.ExecutorConfigurationSupport [Thread-3] Shutting down ExecutorService 'applicationTaskExecutor'
2024-05-19 10:30:30,383 INFO org.springframework.orm.jpa.AbstractEntityManagerFactoryBean [Thread-3] Closing JPA EntityManagerFactory for persistence unit 'default'
2024-05-19 10:30:30,384 INFO com.zaxxer.hikari.HikariDataSource [Thread-3] HikariPool-1 - Shutdown initiated...
2024-05-19 10:30:30,385 INFO com.zaxxer.hikari.HikariDataSource [Thread-3] HikariPool-1 - Shutdown completed.
2024-05-19 10:30:36,203 INFO org.springframework.boot.StartupInfoLogger [main] Starting SareetaApplication on DESKTOP-OHI5HEE with PID 22116 (D:\Java\JavaWebDeveloper\Project\Project04\target\classes started by DELL in D:\Java\JavaWebDeveloper\Project\Project04)
2024-05-19 10:30:36,207 INFO org.springframework.boot.SpringApplication [main] No active profile set, falling back to default profiles: default
2024-05-19 10:30:36,583 INFO org.springframework.data.repository.config.RepositoryConfigurationDelegate [main] Bootstrapping Spring Data repositories in DEFAULT mode.
2024-05-19 10:30:36,619 INFO org.springframework.data.repository.config.RepositoryConfigurationDelegate [main] Finished Spring Data repository scanning in 29ms. Found 4 repository interfaces.
2024-05-19 10:30:36,925 INFO org.springframework.context.support.PostProcessorRegistrationDelegate$BeanPostProcessorChecker [main] Bean 'org.springframework.transaction.annotation.ProxyTransactionManagementConfiguration' of type [org.springframework.transaction.annotation.ProxyTransactionManagementConfiguration$$EnhancerBySpringCGLIB$$284f7d90] is not eligible for getting processed by all BeanPostProcessors (for example: not eligible for auto-proxying)
2024-05-19 10:30:37,084 INFO org.springframework.boot.web.embedded.tomcat.TomcatWebServer [main] Tomcat initialized with port(s): 9000 (http)
2024-05-19 10:30:37,095 INFO org.apache.juli.logging.DirectJDKLog [main] Initializing ProtocolHandler ["http-nio-9000"]
2024-05-19 10:30:37,100 INFO org.apache.juli.logging.DirectJDKLog [main] Starting service [Tomcat]
2024-05-19 10:30:37,101 INFO org.apache.juli.logging.DirectJDKLog [main] Starting Servlet engine: [Apache Tomcat/9.0.19]
2024-05-19 10:30:37,185 INFO org.apache.juli.logging.DirectJDKLog [main] Initializing Spring embedded WebApplicationContext
2024-05-19 10:30:37,186 INFO org.springframework.boot.web.servlet.context.ServletWebServerApplicationContext [main] Root WebApplicationContext: initialization completed in 927 ms
2024-05-19 10:30:37,288 INFO com.zaxxer.hikari.HikariDataSource [main] HikariPool-1 - Starting...
2024-05-19 10:30:37,370 INFO com.zaxxer.hikari.HikariDataSource [main] HikariPool-1 - Start completed.
2024-05-19 10:30:37,404 INFO org.hibernate.jpa.internal.util.LogHelper [main] HHH000204: Processing PersistenceUnitInfo [
	name: default
	...]
2024-05-19 10:30:37,461 INFO org.hibernate.Version [main] HHH000412: Hibernate Core {5.3.10.Final}
2024-05-19 10:30:37,462 INFO org.hibernate.cfg.Environment [main] HHH000206: hibernate.properties not found
2024-05-19 10:30:37,535 INFO org.hibernate.annotations.common.reflection.java.JavaReflectionManager [main] HCANN000001: Hibernate Commons Annotations {5.0.4.Final}
2024-05-19 10:30:37,607 INFO org.hibernate.dialect.Dialect [main] HHH000400: Using dialect: org.hibernate.dialect.H2Dialect
2024-05-19 10:30:38,095 INFO org.springframework.orm.jpa.AbstractEntityManagerFactoryBean [main] Initialized JPA EntityManagerFactory for persistence unit 'default'
2024-05-19 10:30:38,475 WARN org.springframework.boot.autoconfigure.orm.jpa.JpaBaseConfiguration$JpaWebConfiguration$JpaWebMvcConfiguration [main] spring.jpa.open-in-view is enabled by default. Therefore, database queries may be performed during view rendering. Explicitly configure spring.jpa.open-in-view to disable this warning
2024-05-19 10:30:38,530 INFO org.springframework.security.web.DefaultSecurityFilterChain [main] Creating filter chain: any request, [org.springframework.security.web.context.request.async.WebAsyncManagerIntegrationFilter@1361e880, org.springframework.security.web.context.SecurityContextPersistenceFilter@2213854b, org.springframework.security.web.header.HeaderWriterFilter@3c5044fa, org.springframework.web.filter.CorsFilter@3506bc8b, org.springframework.security.web.authentication.logout.LogoutFilter@dddcd91, com.example.demo.security.JWTAuthenticationFilter@4bac0be5, com.example.demo.security.JWTAuthenticationVerficationFilter@368d51ca, org.springframework.security.web.savedrequest.RequestCacheAwareFilter@33bd9ac3, org.springframework.security.web.servletapi.SecurityContextHolderAwareRequestFilter@764a3867, org.springframework.security.web.authentication.AnonymousAuthenticationFilter@2a349a73, org.springframework.security.web.session.SessionManagementFilter@b386a17, org.springframework.security.web.access.ExceptionTranslationFilter@7c2e88b9, org.springframework.security.web.access.intercept.FilterSecurityInterceptor@755009f2]
2024-05-19 10:30:38,638 INFO org.springframework.scheduling.concurrent.ExecutorConfigurationSupport [main] Initializing ExecutorService 'applicationTaskExecutor'
2024-05-19 10:30:38,798 INFO org.apache.juli.logging.DirectJDKLog [main] Starting ProtocolHandler ["http-nio-9000"]
2024-05-19 10:30:38,866 INFO org.springframework.boot.web.embedded.tomcat.TomcatWebServer [main] Tomcat started on port(s): 9000 (http) with context path ''
2024-05-19 10:30:38,869 INFO org.springframework.boot.StartupInfoLogger [main] Started SareetaApplication in 2.856 seconds (JVM running for 3.393)
2024-05-19 10:30:55,747 INFO org.apache.juli.logging.DirectJDKLog [http-nio-9000-exec-1] Initializing Spring DispatcherServlet 'dispatcherServlet'
2024-05-19 10:30:55,747 INFO org.springframework.web.servlet.FrameworkServlet [http-nio-9000-exec-1] Initializing Servlet 'dispatcherServlet'
2024-05-19 10:30:55,752 INFO org.springframework.web.servlet.FrameworkServlet [http-nio-9000-exec-1] Completed initialization in 5 ms
2024-05-19 10:30:55,949 INFO com.example.demo.controllers.UserController [http-nio-9000-exec-1] User created: test2
2024-05-19 10:31:11,731 INFO org.hibernate.hql.internal.QueryTranslatorFactoryInitiator [http-nio-9000-exec-4] HHH000397: Using ASTQueryTranslatorFactory
2024-05-19 10:36:38,546 ERROR com.example.demo.controllers.UserController [http-nio-9000-exec-9] Error creating user: test2
2024-05-19 10:50:47,169 INFO org.springframework.scheduling.concurrent.ExecutorConfigurationSupport [Thread-3] Shutting down ExecutorService 'applicationTaskExecutor'
2024-05-19 10:50:47,171 INFO org.springframework.orm.jpa.AbstractEntityManagerFactoryBean [Thread-3] Closing JPA EntityManagerFactory for persistence unit 'default'
2024-05-19 10:50:47,174 INFO com.zaxxer.hikari.HikariDataSource [Thread-3] HikariPool-1 - Shutdown initiated...
2024-05-19 10:50:47,176 INFO com.zaxxer.hikari.HikariDataSource [Thread-3] HikariPool-1 - Shutdown completed.
2024-05-19 10:50:50,315 INFO org.springframework.boot.StartupInfoLogger [main] Starting SareetaApplication on DESKTOP-OHI5HEE with PID 22696 (D:\Java\JavaWebDeveloper\Project\Project04\target\classes started by DELL in D:\Java\JavaWebDeveloper\Project\Project04)
2024-05-19 10:50:50,319 INFO org.springframework.boot.SpringApplication [main] No active profile set, falling back to default profiles: default
2024-05-19 10:50:50,800 INFO org.springframework.data.repository.config.RepositoryConfigurationDelegate [main] Bootstrapping Spring Data repositories in DEFAULT mode.
2024-05-19 10:50:50,844 INFO org.springframework.data.repository.config.RepositoryConfigurationDelegate [main] Finished Spring Data repository scanning in 38ms. Found 4 repository interfaces.
2024-05-19 10:50:51,149 INFO org.springframework.context.support.PostProcessorRegistrationDelegate$BeanPostProcessorChecker [main] Bean 'org.springframework.transaction.annotation.ProxyTransactionManagementConfiguration' of type [org.springframework.transaction.annotation.ProxyTransactionManagementConfiguration$$EnhancerBySpringCGLIB$$ce1878ac] is not eligible for getting processed by all BeanPostProcessors (for example: not eligible for auto-proxying)
2024-05-19 10:50:51,376 INFO org.springframework.boot.web.embedded.tomcat.TomcatWebServer [main] Tomcat initialized with port(s): 9000 (http)
2024-05-19 10:50:51,388 INFO org.apache.juli.logging.DirectJDKLog [main] Initializing ProtocolHandler ["http-nio-9000"]
2024-05-19 10:50:51,394 INFO org.apache.juli.logging.DirectJDKLog [main] Starting service [Tomcat]
2024-05-19 10:50:51,394 INFO org.apache.juli.logging.DirectJDKLog [main] Starting Servlet engine: [Apache Tomcat/9.0.19]
2024-05-19 10:50:51,484 INFO org.apache.juli.logging.DirectJDKLog [main] Initializing Spring embedded WebApplicationContext
2024-05-19 10:50:51,484 INFO org.springframework.boot.web.servlet.context.ServletWebServerApplicationContext [main] Root WebApplicationContext: initialization completed in 1095 ms
2024-05-19 10:50:51,597 INFO com.zaxxer.hikari.HikariDataSource [main] HikariPool-1 - Starting...
2024-05-19 10:50:51,695 INFO com.zaxxer.hikari.HikariDataSource [main] HikariPool-1 - Start completed.
2024-05-19 10:50:51,731 INFO org.hibernate.jpa.internal.util.LogHelper [main] HHH000204: Processing PersistenceUnitInfo [
	name: default
	...]
2024-05-19 10:50:51,777 INFO org.hibernate.Version [main] HHH000412: Hibernate Core {5.3.10.Final}
2024-05-19 10:50:51,778 INFO org.hibernate.cfg.Environment [main] HHH000206: hibernate.properties not found
2024-05-19 10:50:51,874 INFO org.hibernate.annotations.common.reflection.java.JavaReflectionManager [main] HCANN000001: Hibernate Commons Annotations {5.0.4.Final}
2024-05-19 10:50:51,952 INFO org.hibernate.dialect.Dialect [main] HHH000400: Using dialect: org.hibernate.dialect.H2Dialect
2024-05-19 10:50:52,391 INFO org.springframework.orm.jpa.AbstractEntityManagerFactoryBean [main] Initialized JPA EntityManagerFactory for persistence unit 'default'
2024-05-19 10:50:52,783 WARN org.springframework.boot.autoconfigure.orm.jpa.JpaBaseConfiguration$JpaWebConfiguration$JpaWebMvcConfiguration [main] spring.jpa.open-in-view is enabled by default. Therefore, database queries may be performed during view rendering. Explicitly configure spring.jpa.open-in-view to disable this warning
2024-05-19 10:50:52,827 INFO org.springframework.security.web.DefaultSecurityFilterChain [main] Creating filter chain: any request, [org.springframework.security.web.context.request.async.WebAsyncManagerIntegrationFilter@25e203e6, org.springframework.security.web.context.SecurityContextPersistenceFilter@244f356, org.springframework.security.web.header.HeaderWriterFilter@3538a129, org.springframework.web.filter.CorsFilter@8b1bfdf, org.springframework.security.web.authentication.logout.LogoutFilter@54c37dab, com.example.demo.security.JWTAuthenticationFilter@95f1422, com.example.demo.security.JWTAuthenticationVerficationFilter@31b7112d, org.springframework.security.web.savedrequest.RequestCacheAwareFilter@bd09a26, org.springframework.security.web.servletapi.SecurityContextHolderAwareRequestFilter@4a8bf1dc, org.springframework.security.web.authentication.AnonymousAuthenticationFilter@47fc9ce, org.springframework.security.web.session.SessionManagementFilter@6f8fb906, org.springframework.security.web.access.ExceptionTranslationFilter@742dbac8, org.springframework.security.web.access.intercept.FilterSecurityInterceptor@2fe38b73]
2024-05-19 10:50:52,905 INFO org.springframework.scheduling.concurrent.ExecutorConfigurationSupport [main] Initializing ExecutorService 'applicationTaskExecutor'
2024-05-19 10:50:53,037 INFO org.apache.juli.logging.DirectJDKLog [main] Starting ProtocolHandler ["http-nio-9000"]
2024-05-19 10:50:53,081 INFO org.springframework.boot.web.embedded.tomcat.TomcatWebServer [main] Tomcat started on port(s): 9000 (http) with context path ''
2024-05-19 10:50:53,082 INFO org.springframework.boot.StartupInfoLogger [main] Started SareetaApplication in 2.95 seconds (JVM running for 3.482)
2024-05-19 11:33:56,570 WARN com.zaxxer.hikari.pool.HikariPool$HouseKeeper [HikariPool-1 housekeeper] HikariPool-1 - Thread starvation or clock leap detected (housekeeper delta=26m4s490ms922µs700ns).
2024-05-19 11:37:34,803 INFO org.apache.juli.logging.DirectJDKLog [http-nio-9000-exec-2] Initializing Spring DispatcherServlet 'dispatcherServlet'
2024-05-19 11:37:34,803 INFO org.springframework.web.servlet.FrameworkServlet [http-nio-9000-exec-2] Initializing Servlet 'dispatcherServlet'
2024-05-19 11:37:34,809 INFO org.springframework.web.servlet.FrameworkServlet [http-nio-9000-exec-2] Completed initialization in 6 ms
2024-05-19 11:37:34,934 INFO org.hibernate.hql.internal.QueryTranslatorFactoryInitiator [http-nio-9000-exec-2] HHH000397: Using ASTQueryTranslatorFactory
2024-05-19 11:37:35,006 ERROR com.example.demo.controllers.OrderController [http-nio-9000-exec-2] Error submitting order: test2
2024-05-19 11:38:05,541 ERROR com.example.demo.controllers.OrderController [http-nio-9000-exec-1] Error submitting order: test2
2024-05-19 11:39:52,937 ERROR com.example.demo.controllers.OrderController [http-nio-9000-exec-6] Error submitting order: test2
2024-05-19 11:42:22,996 ERROR com.example.demo.controllers.UserController [http-nio-9000-exec-3] Error finding user: test2
2024-05-19 11:42:47,527 ERROR com.example.demo.controllers.UserController [http-nio-9000-exec-2] Error creating user: test2
2024-05-19 11:42:52,344 ERROR com.example.demo.controllers.UserController [http-nio-9000-exec-1] Error creating user: test2
2024-05-19 11:43:06,196 INFO com.example.demo.controllers.UserController [http-nio-9000-exec-7] User created: test2
2024-05-19 11:43:11,455 INFO com.example.demo.controllers.UserController [http-nio-9000-exec-6] User found: test2
2024-05-19 11:43:23,295 WARN org.springframework.web.servlet.handler.AbstractHandlerExceptionResolver [http-nio-9000-exec-8] Resolved [org.springframework.web.HttpRequestMethodNotSupportedException: Request method 'GET' not supported]
2024-05-19 11:43:28,294 INFO com.example.demo.controllers.OrderController [http-nio-9000-exec-9] Order submitted: test2
2024-05-19 11:57:44,581 WARN com.zaxxer.hikari.pool.HikariPool$HouseKeeper [HikariPool-1 housekeeper] HikariPool-1 - Thread starvation or clock leap detected (housekeeper delta=4m17s634ms655µs900ns).
2024-05-19 12:03:28,512 WARN com.zaxxer.hikari.pool.HikariPool$HouseKeeper [HikariPool-1 housekeeper] HikariPool-1 - Thread starvation or clock leap detected (housekeeper delta=2m43s879ms980µs500ns).
2024-05-19 14:42:13,756 INFO com.example.demo.controllers.OrderController [http-nio-9000-exec-2] Order submitted: test2
2024-05-19 18:01:20,348 WARN com.zaxxer.hikari.pool.HikariPool$HouseKeeper [HikariPool-1 housekeeper] HikariPool-1 - Thread starvation or clock leap detected (housekeeper delta=2h51m18s934ms373µs600ns).
2024-05-19 19:27:31,439 WARN com.zaxxer.hikari.pool.HikariPool$HouseKeeper [HikariPool-1 housekeeper] HikariPool-1 - Thread starvation or clock leap detected (housekeeper delta=6m9s821ms117µs600ns).
2024-05-19 20:39:36,216 WARN com.zaxxer.hikari.pool.HikariPool$HouseKeeper [HikariPool-1 housekeeper] HikariPool-1 - Thread starvation or clock leap detected (housekeeper delta=2m34s685ms657µs700ns).
2024-05-19 21:52:46,820 INFO org.springframework.scheduling.concurrent.ExecutorConfigurationSupport [Thread-3] Shutting down ExecutorService 'applicationTaskExecutor'
2024-05-19 21:52:46,832 INFO org.springframework.orm.jpa.AbstractEntityManagerFactoryBean [Thread-3] Closing JPA EntityManagerFactory for persistence unit 'default'
2024-05-19 21:52:46,867 INFO com.zaxxer.hikari.HikariDataSource [Thread-3] HikariPool-1 - Shutdown initiated...
2024-05-19 21:52:46,874 INFO com.zaxxer.hikari.HikariDataSource [Thread-3] HikariPool-1 - Shutdown completed.
